d:\source codes\aspect-rust-rewrite\controller\x64\debug\vc142.pdb
d:\source codes\aspect-rust-rewrite\controller\x64\debug\vc142.idb
d:\source codes\aspect-rust-rewrite\controller\x64\debug\mex.obj
d:\source codes\aspect-rust-rewrite\controller\x64\debug\main.obj
d:\source codes\aspect-rust-rewrite\controller\x64\debug\imgui_impl_win32.obj
d:\source codes\aspect-rust-rewrite\controller\x64\debug\imgui_impl_dx9.obj
d:\source codes\aspect-rust-rewrite\controller\x64\debug\imgui_widgets.obj
d:\source codes\aspect-rust-rewrite\controller\x64\debug\imgui_draw.obj
d:\source codes\aspect-rust-rewrite\controller\x64\debug\imgui_demo.obj
d:\source codes\aspect-rust-rewrite\controller\x64\debug\imgui.obj
d:\source codes\aspect-rust-rewrite\controller\x64\debug\custom.obj
d:\source codes\aspect-rust-rewrite\controller\x64\debug\mmap.obj
d:\source codes\aspect-rust-rewrite\x64\debug\controller.ilk
d:\source codes\aspect-rust-rewrite\x64\debug\controller.exe
d:\source codes\aspect-rust-rewrite\x64\debug\controller.pdb
d:\source codes\aspect-rust-rewrite\controller\x64\debug\controller.tlog\cl.command.1.tlog
d:\source codes\aspect-rust-rewrite\controller\x64\debug\controller.tlog\cl.read.1.tlog
d:\source codes\aspect-rust-rewrite\controller\x64\debug\controller.tlog\cl.write.1.tlog
d:\source codes\aspect-rust-rewrite\controller\x64\debug\controller.tlog\link.command.1.tlog
d:\source codes\aspect-rust-rewrite\controller\x64\debug\controller.tlog\link.read.1.tlog
d:\source codes\aspect-rust-rewrite\controller\x64\debug\controller.tlog\link.write.1.tlog
